SF:lib/app/core/errors/failure.dart
DA:7,2
DA:12,3
DA:18,2
DA:23,1
LF:4
LH:4
end_of_record
SF:lib/app/modules/login/data/datasources/firebase_datasource.dart
DA:15,1
DA:18,1
DA:20,3
DA:21,1
DA:25,1
DA:26,1
DA:27,3
DA:29,1
DA:30,1
DA:31,1
DA:33,1
DA:34,1
DA:36,1
DA:37,2
DA:39,1
DA:41,2
DA:42,4
DA:46,1
DA:48,1
DA:50,4
LF:20
LH:20
end_of_record
SF:lib/app/modules/login/data/repositories/firebase_login_repository_impl.dart
DA:10,1
DA:13,1
DA:16,3
DA:17,1
DA:19,2
DA:24,1
DA:26,3
DA:27,1
DA:28,1
DA:29,1
DA:31,2
DA:36,1
DA:39,3
DA:41,1
DA:43,2
LF:15
LH:15
end_of_record
SF:lib/app/modules/login/domain/entities/login_credencials.dart
DA:10,4
DA:13,6
DA:14,2
DA:15,12
DA:17,2
DA:18,12
DA:19,8
DA:20,2
DA:21,6
DA:23,1
DA:30,1
DA:31,1
DA:32,1
DA:33,1
DA:34,1
DA:35,1
LF:16
LH:16
end_of_record
SF:lib/app/modules/login/domain/usecases/login_with_email.dart
DA:11,1
DA:14,1
DA:15,1
DA:16,2
DA:17,1
DA:18,2
DA:21,5
LF:7
LH:7
end_of_record
SF:lib/app/modules/login/domain/usecases/login_with_phone.dart
DA:11,1
DA:14,1
DA:15,1
DA:16,2
DA:18,4
LF:5
LH:5
end_of_record
SF:lib/app/modules/login/domain/usecases/verify_phone_code.dart
DA:11,1
DA:14,1
DA:15,1
DA:16,2
DA:17,1
DA:18,2
DA:20,3
DA:21,1
DA:22,1
LF:9
LH:9
end_of_record
