SF:lib/app/core/adapters/logged_user_adapter.dart
DA:5,1
DA:6,1
DA:14,1
DA:16,1
DA:17,1
DA:18,1
DA:19,1
DA:20,1
LF:8
LH:8
end_of_record
SF:lib/app/modules/login/data/datasources/firebase_datasource.dart
DA:19,1
DA:22,1
DA:24,3
DA:25,1
DA:29,1
DA:30,1
DA:31,3
DA:33,1
DA:34,1
DA:35,1
DA:37,1
DA:38,1
DA:40,1
DA:41,2
DA:43,1
DA:45,2
DA:46,4
DA:50,1
DA:52,1
DA:54,4
LF:20
LH:20
end_of_record
SF:lib/app/modules/login/data/exceptions/errors.dart
DA:5,2
DA:10,3
DA:16,2
DA:21,1
LF:4
LH:4
end_of_record
SF:lib/app/modules/login/data/repositories/firebase_login_repository_impl.dart
DA:16,1
DA:19,1
DA:23,3
DA:24,1
DA:25,1
DA:27,2
DA:32,1
DA:34,3
DA:35,1
DA:36,1
DA:37,1
DA:38,1
DA:40,2
DA:45,1
DA:48,3
DA:50,1
DA:51,1
DA:53,2
LF:18
LH:18
end_of_record
SF:lib/app/modules/login/domain/entities/user.dart
DA:6,5
LF:1
LH:1
end_of_record
SF:lib/app/modules/login/data/models/user_model.dart
DA:6,2
DA:7,2
DA:8,2
DA:9,2
DA:10,2
DA:11,2
DA:12,2
LF:7
LH:7
end_of_record
SF:lib/app/modules/login/data/models/login_credencials.dart
DA:10,4
DA:13,6
DA:14,2
DA:15,12
DA:17,2
DA:18,12
DA:19,8
DA:20,2
DA:21,6
DA:23,1
DA:30,1
DA:31,1
DA:32,1
DA:33,1
DA:34,1
DA:35,1
LF:16
LH:16
end_of_record
SF:lib/app/modules/login/domain/usecases/login_with_phone.dart
DA:15,1
DA:18,1
DA:19,1
DA:20,2
DA:22,4
LF:5
LH:5
end_of_record
SF:lib/app/modules/login/domain/usecases/login_with_email.dart
DA:16,1
DA:19,1
DA:20,1
DA:21,2
DA:22,1
DA:23,2
DA:26,5
LF:7
LH:7
end_of_record
SF:lib/app/modules/login/domain/usecases/verify_phone_code.dart
DA:16,1
DA:19,1
DA:20,1
DA:21,2
DA:22,1
DA:23,2
DA:25,3
DA:26,1
DA:27,1
LF:9
LH:9
end_of_record